<?xml version="1.0" encoding="UTF-8"?>
<persistence xmlns="http://xmlns.jcp.org/xml/ns/persistence"
             xmlns:xsi="http://www.w3.org/2001/XMLSchema-instance"
             xsi:schemaLocation="http://xmlns.jcp.org/xml/ns/persistence
             http://xmlns.jcp.org/xml/ns/persistence/persistence_2_1.xsd"
             version="2.1">

    <persistence-unit name="IRONPU">
        <properties>
            <property name="javax.persistence.jdbc.driver" value="org.postgresql.Driver" />
            <property name="javax.persistence.jdbc.url" value="jdbc:postgresql://localhost:5432/irondb" />
            <property name="javax.persistence.jdbc.user" value="postgres" />
            <property name="javax.persistence.jdbc.password" value="trance" />
            <property name="javax.persistence.schema-generation.database.action" value="drop-and-create"/>
            <!--<property name="javax.persistence.sql-load-script-source" value="META-INF/load.sql"/>-->
            <property name="hibernate.show_sql" value="true" />
            <property name="hibernate.format_sql" value="true" />
            <property name="hibernate.use_sql_comments" value="true" />
            <property name="hibernate.dialect" value="org.hibernate.dialect.PostgreSQL82Dialect"/>
        </properties>
    </persistence-unit>

</persistence>